Arguments: 
  C:\Program Files\nodejs\node.exe C:\Users\neware.com.cn\AppData\Roaming\npm\node_modules\yarn\bin\yarn.js add rimraf --dev

PATH: 
  C:\Windows\system32;C:\Windows;C:\Windows\System32\Wbem;C:\Windows\System32\WindowsPowerShell\v1.0\;C:\Windows\System32\OpenSSH\;C:\Program Files\Microsoft SQL Server\Client SDK\ODBC\110\Tools\Binn\;C:\Program Files (x86)\Microsoft SQL Server\120\Tools\Binn\;C:\Program Files\Microsoft SQL Server\120\Tools\Binn\;C:\Program Files\Microsoft SQL Server\120\DTS\Binn\;C:\Program Files (x86)\Windows Kits\8.1\Windows Performance Toolkit\;C:\Program Files\nodejs\;C:\Program Files\dotnet\;C:\Program Files\Microsoft SQL Server\130\Tools\Binn\;C:\Program Files\Microsoft SQL Server\Client SDK\ODBC\170\Tools\Binn\;C:\Program Files\Git\cmd;C:\Users\neware.com.cn\AppData\Local\Microsoft\WindowsApps;;C:\Users\neware.com.cn\AppData\Local\Programs\Microsoft VS Code\bin;C:\Users\neware.com.cn\AppData\Roaming\npm

Yarn version: 
  1.22.4

Node version: 
  12.18.1

Platform: 
  win32 x64

Trace: 
  Error: 21840:error:1408F119:SSL routines:ssl3_get_record:decryption failed or bad record mac:c:\ws\deps\openssl\openssl\ssl\record\ssl3_record.c:677:

npm manifest: 
  {
    "name": "openauth-pro",
    "version": "0.1.0",
    "description": "OpenAuth.Pro--OpenAuth.Core企业版",
    "author": "yubaolee <yubaolee@163.com>",
    "scripts": {
      "serve": "vue-cli-service serve",
      "dev": "vue-cli-service serve --mode dev",
      "build": "vue-cli-service build --mode prod",
      "lint": "vue-cli-service lint"
    },
    "dependencies": {
      "@riophae/vue-treeselect": "^0.4.0",
      "axios": "^0.19.0",
      "core-js": "^3.6.4",
      "echarts": "3.8.5",
      "element-ui": "^2.10.1",
      "jquery": "^2.2.3",
      "js-cookie": "2.2.0",
      "jsplumb": "^2.12.8",
      "normalize.css": "7.0.0",
      "nprogress": "0.2.0",
      "oidc-client": "^1.10.1",
      "vue": "^2.6.11",
      "vue-codemirror-lite": "^1.0.4",
      "vue-contextmenu": "^1.5.10",
      "vue-count-to": "^1.0.13",
      "vue-draggable-resizable-gorkys": "^2.3.6",
      "vue-layer": "^0.9.14",
      "vue-multiselect": "^2.1.6",
      "vue-router": "3.0.1",
      "vuedraggable": "^2.23.2",
      "vuex": "3.0.1",
      "vuex-oidc": "^2.0.4"
    },
    "devDependencies": {
      "@vue/cli-plugin-babel": "~4.3.0",
      "@vue/cli-plugin-eslint": "~4.3.0",
      "@vue/cli-service": "~4.3.0",
      "babel-eslint": "^10.1.0",
      "eslint": "^6.7.2",
      "eslint-plugin-vue": "^6.2.2",
      "node-sass": "^4.7.2",
      "rimraf": "^3.0.2",
      "sass-loader": "^8.0.0",
      "sortablejs": "^1.10.2",
      "svg-sprite-loader": "^5.0.0",
      "vue-template-compiler": "^2.6.11"
    },
    "eslintConfig": {
      "root": true,
      "env": {
        "node": true
      },
      "extends": [
        "plugin:vue/essential",
        "eslint:recommended"
      ],
      "parserOptions": {
        "parser": "babel-eslint"
      },
      "rules": {}
    },
    "browserslist": [
      "> 1%",
      "last 2 versions",
      "not dead"
    ]
  }

yarn manifest: 
  No manifest

Lockfile: 
  No lockfile
